2025-05-12 13:51:14,531 INFO Global Acc: 0.9021 | Prec: 0.8370 | Rec:  0.8449 | F1:   0.8199
2025-05-12 13:51:14,531 INFO 🔢 Generation des matrices de confusion 2×2 par classe
2025-05-12 13:51:18,912 INFO 💾 Matrices de confusion par classe sauvegardées: outputs/figures/confusion_per_class.png
2025-05-12 13:52:21,346 INFO ⚙️  Lancement de l'évaluation du meilleur modèle
2025-05-12 13:52:21,614 INFO ✅ 33547 échantillons de test chargés
2025-05-12 13:52:21,690 INFO ℹ️  DataLoader de test prêt (112 batches)
2025-05-12 13:52:22,245 INFO 📦 Modèle chargé en mémoire
2025-05-12 13:52:22,245 INFO 🔮 Prédictions en cours...
2025-05-12 13:52:45,185 INFO ✅ Prédictions terminées
2025-05-12 13:52:45,190 INFO 📊 Rapport de classification par pathologie (labels valides)
2025-05-12 13:52:45,325 INFO 
Classe                         Précision  Rappel  F1-score  Support
No Finding                         0.99    1.00       1.00      3271
Enlarged Cardiomediastinum         0.75    0.56       0.64      4740
Cardiomegaly                       0.86    0.90       0.88      5692
Lung Opacity                       0.94    1.00       0.97     17023
Lung Lesion                        0.84    1.00       0.91      1593
Edema                              0.91    1.00       0.95     33547
Consolidation                      0.88    0.99       0.93     33547
Pneumonia                          0.99    1.00       0.99     33547
Atelectasis                        0.49    0.02       0.03     33547
Pneumothorax                       0.62    0.40       0.49     33547
Pleural Effusion                   0.87    0.97       0.92     33547
Pleural Other                      0.86    1.00       0.93       629
Fracture                           0.77    0.99       0.87      1665
Support Devices                    0.95    1.00       0.97     18340
2025-05-12 13:52:45,472 INFO Global Acc: 0.9021 | Prec: 0.8370 | Rec:  0.8449 | F1:   0.8199
2025-05-12 13:52:45,473 INFO 🔢 Generation des matrices de confusion 2×2 par classe
2025-05-12 13:52:49,496 INFO 💾 Matrices de confusion par classe sauvegardées: outputs/figures/confusion_per_class.png
2025-05-12 13:52:49,496 INFO 🎉 Évaluation terminée !
