2025-05-10 21:15:55,060 INFO ⚙️  Lancement de l'évaluation du meilleur modèle
2025-05-10 21:15:55,331 INFO ✅ 33547 échantillons de test chargés
2025-05-10 21:15:55,419 INFO ℹ️  DataLoader de test prêt (112 batches)
2025-05-10 21:15:55,976 INFO 📦 Modèle chargé en mémoire
2025-05-10 21:15:55,976 INFO 🔮 Prédictions en cours...
2025-05-10 21:16:23,149 INFO ✅ Prédictions terminées
2025-05-10 21:16:23,153 INFO 📊 Rapport de classification
2025-05-10 21:16:23,233 INFO 
                            precision    recall  f1-score   support

                No Finding       0.60      0.19      0.29      3239
Enlarged Cardiomediastinum       0.33      0.00      0.01      1564
              Cardiomegaly       0.60      0.32      0.42      4005
              Lung Opacity       0.60      0.79      0.68     15985
               Lung Lesion       0.49      0.06      0.11      1339
                     Edema       0.62      0.34      0.44      7690
             Consolidation       0.47      0.00      0.01      2251
                 Pneumonia       0.33      0.00      0.01       932
               Atelectasis       0.00      0.00      0.00      5000
              Pneumothorax       0.60      0.28      0.38      2983
          Pleural Effusion       0.67      0.81      0.73     12963
             Pleural Other       0.62      0.02      0.04       542
                  Fracture       0.92      0.01      0.02      1276
           Support Devices       0.81      0.63      0.71     17383

                 micro avg       0.67      0.51      0.58     77152
                 macro avg       0.55      0.25      0.27     77152
              weighted avg       0.61      0.51      0.52     77152
               samples avg       0.52      0.45      0.46     77152

2025-05-10 21:16:23,385 INFO Global Acc: 0.8781 | Prec: 0.5478 | Rec:  0.2478 | F1:   0.2746
2025-05-10 21:16:23,385 INFO 🔢 Génération de la matrice de confusion
2025-05-10 21:16:24,185 INFO 💾 Matrice de confusion sauvegardée: outputs/figures/matrice_confusion_14x14.png
2025-05-10 21:16:24,185 INFO 📈 Génération des courbes ROC & calcul AUC
2025-05-10 21:16:24,745 INFO 💾 Courbes ROC sauvegardées: outputs/figures/roc_auc_global.png
2025-05-10 21:16:24,745 INFO 🎉 Évaluation terminée !
