2025-05-10 19:34:54,376 INFO 🚀 Début de l'entraînement!
2025-05-10 19:39:54,683 INFO Ép 1 | train 2.8312 | val 2.1483 | Acc 0.8693 | Prec 0.3243 | Rec 0.1965 | F1 0.2067 | Durée 300.3s
2025-05-10 19:39:54,778 INFO 🏆 Meilleur modèle sauvegardé
2025-05-10 19:44:53,120 INFO Ép 2 | train 2.0790 | val 2.1182 | Acc 0.8740 | Prec 0.4020 | Rec 0.2208 | F1 0.2411 | Durée 298.3s
2025-05-10 19:44:53,234 INFO 🏆 Meilleur modèle sauvegardé
2025-05-10 19:49:52,157 INFO Ép 3 | train 2.0465 | val 2.1030 | Acc 0.8737 | Prec 0.4771 | Rec 0.2399 | F1 0.2403 | Durée 298.9s
2025-05-10 19:49:52,271 INFO 🏆 Meilleur modèle sauvegardé
2025-05-10 19:54:50,963 INFO Ép 4 | train 2.0336 | val 2.1377 | Acc 0.8669 | Prec 0.5042 | Rec 0.1481 | F1 0.2029 | Durée 298.7s
2025-05-10 19:59:49,800 INFO Ép 5 | train 2.0243 | val 2.2241 | Acc 0.8717 | Prec 0.4995 | Rec 0.2358 | F1 0.2491 | Durée 298.8s
2025-05-10 20:04:48,410 INFO Ép 6 | train 2.0117 | val 2.1107 | Acc 0.8768 | Prec 0.5813 | Rec 0.2281 | F1 0.2426 | Durée 298.6s
2025-05-10 20:09:46,957 INFO Ép 7 | train 1.9911 | val 2.1290 | Acc 0.8752 | Prec 0.5312 | Rec 0.2018 | F1 0.2522 | Durée 298.5s
2025-05-10 20:14:45,453 INFO Ép 8 | train 1.9657 | val 2.1574 | Acc 0.8665 | Prec 0.6076 | Rec 0.2323 | F1 0.2541 | Durée 298.5s
2025-05-10 20:19:44,448 INFO Ép 9 | train 1.9393 | val 2.0831 | Acc 0.8777 | Prec 0.5257 | Rec 0.2510 | F1 0.2774 | Durée 299.0s
2025-05-10 20:19:44,563 INFO 🏆 Meilleur modèle sauvegardé
2025-05-10 20:24:44,009 INFO Ép 10 | train 1.8990 | val 2.1274 | Acc 0.8754 | Prec 0.5400 | Rec 0.2322 | F1 0.2544 | Durée 299.4s
2025-05-10 20:29:42,797 INFO Ép 11 | train 1.8444 | val 3.7421 | Acc 0.8197 | Prec 0.5449 | Rec 0.1417 | F1 0.1391 | Durée 298.8s
2025-05-10 20:34:41,959 INFO Ép 12 | train 1.7672 | val 2.1613 | Acc 0.8792 | Prec 0.5621 | Rec 0.2251 | F1 0.2769 | Durée 299.2s
2025-05-10 20:39:41,345 INFO Ép 13 | train 1.6517 | val 2.2061 | Acc 0.8794 | Prec 0.5250 | Rec 0.2790 | F1 0.3178 | Durée 299.4s
2025-05-10 20:44:40,352 INFO Ép 14 | train 1.5030 | val 2.3740 | Acc 0.8781 | Prec 0.5331 | Rec 0.2494 | F1 0.3034 | Durée 299.0s
2025-05-10 20:49:39,537 INFO Ép 15 | train 1.3293 | val 2.5006 | Acc 0.8792 | Prec 0.4933 | Rec 0.2735 | F1 0.3189 | Durée 299.2s
2025-05-10 20:54:38,389 INFO Ép 16 | train 1.1457 | val 2.6171 | Acc 0.8784 | Prec 0.4938 | Rec 0.2803 | F1 0.3258 | Durée 298.9s
2025-05-10 20:59:37,232 INFO Ép 17 | train 0.9840 | val 2.7892 | Acc 0.8783 | Prec 0.4723 | Rec 0.2848 | F1 0.3261 | Durée 298.8s
2025-05-10 21:04:36,321 INFO Ép 18 | train 0.8614 | val 2.8881 | Acc 0.8778 | Prec 0.4595 | Rec 0.2871 | F1 0.3252 | Durée 299.1s
2025-05-10 21:09:35,495 INFO Ép 19 | train 0.7846 | val 2.9445 | Acc 0.8775 | Prec 0.4557 | Rec 0.2941 | F1 0.3297 | Durée 299.2s
2025-05-10 21:14:34,418 INFO Ép 20 | train 0.7516 | val 2.9520 | Acc 0.8773 | Prec 0.4566 | Rec 0.2915 | F1 0.3286 | Durée 298.9s
2025-05-10 21:14:34,512 INFO ✅ Modèle de la dernière époque sauvegardé
2025-05-10 21:14:35,288 INFO 🎉 Entraînement terminé!
